<?xml version="1.0" encoding="UTF-8"?>
<testsuite xmlns:xsi="http://www.w3.org/2001/XMLSchema-instance" xsi:noNamespaceSchemaLocation="https://maven.apache.org/surefire/maven-surefire-plugin/xsd/surefire-test-report-3.0.xsd" version="3.0" name="com.devlive.MainTest" time="0.713" tests="1" errors="0" skipped="0" failures="0">
  <properties>
[...]
</properties>
  <testcase name="testHelloWorld" classname="com.devlive.MainTest" time="0.178">
    <system-out><![CDATA[2022.04.05 13:21:51 INFO io.helidon.common.LogConfig Thread[main,5,main]: Logging at initialization configured using /home/jarotball/study/MyDevSecOps_Community/oci_developer/oci_to_build_java_app_helidon/lab_1/java-devlive/target/classes/logging.properties
2022.04.05 13:21:51 INFO io.helidon.common.HelidonFeatures Thread[features-thread,5,main]: Helidon SE 2.4.2 features: [Config, Health, Metrics, Web Client, WebServer]
2022.04.05 13:21:51 INFO io.helidon.common.HelidonFeatures.experimental Thread[features-thread,5,main]: You are using experimental features. These APIs may change, please follow changelog!
2022.04.05 13:21:51 INFO io.helidon.common.HelidonFeatures.experimental Thread[features-thread,5,main]: 	Experimental feature: Web Client (WebClient)
2022.04.05 13:21:51 INFO io.helidon.webserver.NettyWebServer Thread[nioEventLoopGroup-2-1,10,main]: Channel '@default' started: [id: 0xa8af881e, L:/[0:0:0:0:0:0:0:0]:8080]
WEB server is up! http://localhost:8080/oracle
2022.04.05 13:21:52 INFO com.devlive.GreetService Thread[nioEventLoopGroup-3-1,10,main]: Greeting message is Welcome to Oracle Corp!
]]></system-out>
  </testcase>
</testsuite>